{"contracts\\TweetFactory.sol":{"l":{"22":7,"26":11,"30":10,"31":10,"32":10,"33":10,"37":4,"38":3,"39":3,"40":2,"45":2,"46":2,"48":2,"49":5,"52":5,"53":4,"57":2,"61":4,"62":4,"63":4,"64":2,"65":2,"66":2,"70":3,"71":3,"72":3,"73":1,"74":1,"75":1},"path":"C:\\myProjects\\epita\\Blockchain\\eth-twitter\\contracts\\TweetFactory.sol","s":{"1":7,"2":11,"3":10,"4":10,"5":10,"6":4,"7":3,"8":3,"9":2,"10":2,"11":2,"12":2,"13":5,"14":5,"15":4,"16":2,"17":4,"18":4,"19":4,"20":2,"21":3,"22":3,"23":3,"24":1,"25":1,"26":1},"b":{"1":[10,1],"2":[2,1],"3":[4,1],"4":[2,2],"5":[1,2]},"f":{"1":7,"2":11,"3":10,"4":4,"5":2,"6":4,"7":3},"fnMap":{"1":{"name":"compareStrings","line":21,"loc":{"start":{"line":21,"column":4},"end":{"line":23,"column":4}}},"2":{"name":"requireValidTweetId","line":25,"loc":{"start":{"line":25,"column":4},"end":{"line":27,"column":4}}},"3":{"name":"createTweet","line":29,"loc":{"start":{"line":29,"column":4},"end":{"line":34,"column":4}}},"4":{"name":"getTweet","line":36,"loc":{"start":{"line":36,"column":4},"end":{"line":41,"column":4}}},"5":{"name":"getTweets","line":44,"loc":{"start":{"line":44,"column":4},"end":{"line":58,"column":4}}},"6":{"name":"deleteTweet","line":60,"loc":{"start":{"line":60,"column":4},"end":{"line":67,"column":4}}},"7":{"name":"updateTweet","line":69,"loc":{"start":{"line":69,"column":4},"end":{"line":76,"column":4}}}},"statementMap":{"1":{"start":{"line":22,"column":8},"end":{"line":22,"column":85}},"2":{"start":{"line":26,"column":8},"end":{"line":26,"column":52}},"3":{"start":{"line":30,"column":8},"end":{"line":30,"column":31}},"4":{"start":{"line":31,"column":8},"end":{"line":31,"column":48}},"5":{"start":{"line":33,"column":8},"end":{"line":33,"column":46}},"6":{"start":{"line":37,"column":8},"end":{"line":37,"column":30}},"7":{"start":{"line":38,"column":8},"end":{"line":38,"column":48}},"8":{"start":{"line":39,"column":8},"end":{"line":39,"column":63}},"9":{"start":{"line":40,"column":8},"end":{"line":40,"column":29}},"10":{"start":{"line":45,"column":8},"end":{"line":45,"column":57}},"11":{"start":{"line":46,"column":8},"end":{"line":46,"column":20}},"12":{"start":{"line":48,"column":8},"end":{"line":48,"column":1581}},"13":{"start":{"line":49,"column":12},"end":{"line":49,"column":45}},"14":{"start":{"line":52,"column":12},"end":{"line":52,"column":1731}},"15":{"start":{"line":53,"column":16},"end":{"line":53,"column":41}},"16":{"start":{"line":57,"column":8},"end":{"line":57,"column":23}},"17":{"start":{"line":61,"column":7},"end":{"line":61,"column":29}},"18":{"start":{"line":62,"column":8},"end":{"line":62,"column":48}},"19":{"start":{"line":63,"column":8},"end":{"line":63,"column":124}},"20":{"start":{"line":66,"column":8},"end":{"line":66,"column":29}},"21":{"start":{"line":70,"column":8},"end":{"line":70,"column":30}},"22":{"start":{"line":71,"column":8},"end":{"line":71,"column":42}},"23":{"start":{"line":72,"column":8},"end":{"line":72,"column":111}},"24":{"start":{"line":73,"column":8},"end":{"line":73,"column":60}},"25":{"start":{"line":74,"column":8},"end":{"line":74,"column":28}},"26":{"start":{"line":75,"column":8},"end":{"line":75,"column":48}}},"branchMap":{"1":{"line":26,"type":"if","locations":[{"start":{"line":26,"column":8},"end":{"line":26,"column":8}},{"start":{"line":26,"column":8},"end":{"line":26,"column":8}}]},"2":{"line":39,"type":"if","locations":[{"start":{"line":39,"column":8},"end":{"line":39,"column":8}},{"start":{"line":39,"column":8},"end":{"line":39,"column":8}}]},"3":{"line":52,"type":"if","locations":[{"start":{"line":52,"column":12},"end":{"line":52,"column":12}},{"start":{"line":52,"column":12},"end":{"line":52,"column":12}}]},"4":{"line":63,"type":"if","locations":[{"start":{"line":63,"column":8},"end":{"line":63,"column":8}},{"start":{"line":63,"column":8},"end":{"line":63,"column":8}}]},"5":{"line":72,"type":"if","locations":[{"start":{"line":72,"column":8},"end":{"line":72,"column":8}},{"start":{"line":72,"column":8},"end":{"line":72,"column":8}}]}}}}