{"contracts/TweetFactory.sol":{"l":{"18":1,"19":1,"20":1,"24":1},"path":"/Users/Keith/Documents/Git/eth-twitter/contracts/TweetFactory.sol","s":{"1":1,"2":1,"3":1,"4":1},"b":{},"f":{"1":1,"2":1},"fnMap":{"1":{"name":"createTweet","line":17,"loc":{"start":{"line":17,"column":4},"end":{"line":21,"column":4}}},"2":{"name":"getTweet","line":23,"loc":{"start":{"line":23,"column":4},"end":{"line":25,"column":4}}}},"statementMap":{"1":{"start":{"line":18,"column":8},"end":{"line":18,"column":36}},"2":{"start":{"line":19,"column":8},"end":{"line":19,"column":65}},"3":{"start":{"line":20,"column":8},"end":{"line":20,"column":63}},"4":{"start":{"line":24,"column":8},"end":{"line":24,"column":25}}},"branchMap":{}}}